<?xml version="1.0" encoding="UTF-8"?>
<!-- Generated by org.testng.reporters.JUnitReportReporter -->
<testsuite hostname="Heamanths-MacBook-Pro.local" failures="0" tests="7" name="app.test.main.TestingSearchBybrand" time="32.195" errors="0" timestamp="2022-08-08T18:58:14 GMT-04:00" skipped="0">
  <testcase classname="app.test.main.TestingSearchBybrand" name="TS3_ChooseBrand_TC4_DropDownDataValidation" time="7.160"/>
  <system-out/>
  <testcase classname="app.test.main.TestingSearchBybrand" name="TS3_ChooseBrand_TC2_SearchByBrandNolist" time="10.885"/>
  <system-out/>
  <testcase classname="app.test.main.TestingSearchBybrand" name="TS3_ChooseBrand_TC3_SearchByBrandWithlist" time="1.071"/>
  <system-out/>
  <testcase classname="app.test.main.TestingSearchBybrand" name="TS3_ChooseBrand_TC2_SearchByBrandNolist" time="10.878"/>
  <system-out/>
  <testcase classname="app.test.main.TestingSearchBybrand" name="TS3_ChooseBrand_TC5_DropDownValueKeyboardAccesible" time="0.825"/>
  <system-out/>
  <testcase classname="app.test.main.TestingSearchBybrand" name="TS3_ChooseBrand_TC3_SearchByBrandWithlist" time="0.903"/>
  <system-out/>
  <testcase classname="app.test.main.TestingSearchBybrand" name="TS3_ChooseBrand_TC1_Emptyfield" time="0.473"/>
  <system-out/>
</testsuite> <!-- app.test.main.TestingSearchBybrand -->
