<?xml version="1.0" encoding="UTF-8"?>
<!-- Generated by org.testng.reporters.JUnitReportReporter -->
<testsuite hostname="Heamanths-MacBook-Pro.local" failures="0" tests="2" name="app.test.main.TestingLinkHome" time="1.587" errors="0" timestamp="2022-08-08T06:56:52 GMT-04:00" skipped="0">
  <testcase classname="app.test.main.TestingLinkHome" name="TS5_Home_TC2_BackLink" time="0.945"/>
  <system-out/>
  <testcase classname="app.test.main.TestingLinkHome" name="TS5_Home_TC1_HomeLink" time="0.642"/>
  <system-out/>
</testsuite> <!-- app.test.main.TestingLinkHome -->
