<?xml version="1.0" encoding="UTF-8"?>
<!-- Generated by org.testng.reporters.JUnitReportReporter -->
<testsuite hostname="Heamanths-MacBook-Pro.local" failures="0" tests="12" name="app.test.main.TestingMonthFilter" time="8.641" errors="0" timestamp="2022-08-08T18:58:14 GMT-04:00" skipped="0">
  <testcase classname="app.test.main.TestingMonthFilter" name="TS4_MonthFilter_TC1_SelectingMonth" time="0.611"/>
  <system-out/>
  <testcase classname="app.test.main.TestingMonthFilter" name="TS4_MonthFilter_TC1_SelectingMonth" time="0.588"/>
  <system-out/>
  <testcase classname="app.test.main.TestingMonthFilter" name="TS4_MonthFilter_TC1_SelectingMonth" time="0.584"/>
  <system-out/>
  <testcase classname="app.test.main.TestingMonthFilter" name="TS4_MonthFilter_TC1_SelectingMonth" time="0.690"/>
  <system-out/>
  <testcase classname="app.test.main.TestingMonthFilter" name="TS4_MonthFilter_TC1_SelectingMonth" time="0.770"/>
  <system-out/>
  <testcase classname="app.test.main.TestingMonthFilter" name="TS4_MonthFilter_TC1_SelectingMonth" time="0.642"/>
  <system-out/>
  <testcase classname="app.test.main.TestingMonthFilter" name="TS4_MonthFilter_TC1_SelectingMonth" time="0.642"/>
  <system-out/>
  <testcase classname="app.test.main.TestingMonthFilter" name="TS4_MonthFilter_TC1_SelectingMonth" time="0.662"/>
  <system-out/>
  <testcase classname="app.test.main.TestingMonthFilter" name="TS4_MonthFilter_TC1_SelectingMonth" time="0.675"/>
  <system-out/>
  <testcase classname="app.test.main.TestingMonthFilter" name="TS4_MonthFilter_TC1_SelectingMonth" time="0.747"/>
  <system-out/>
  <testcase classname="app.test.main.TestingMonthFilter" name="TS4_MonthFilter_TC1_SelectingMonth" time="0.609"/>
  <system-out/>
  <testcase classname="app.test.main.TestingMonthFilter" name="TS4_MonthFilter_TC2_SelectingAllShoesOption" time="1.421"/>
  <system-out/>
</testsuite> <!-- app.test.main.TestingMonthFilter -->
