<?xml version="1.0" encoding="UTF-8"?>
<!-- Generated by org.testng.reporters.JUnitReportReporter -->
<testsuite hostname="Heamanths-MacBook-Pro.local" failures="0" tests="2" name="app.test.main.TestingFieldPromoCode" time="1.074" errors="0" timestamp="2022-08-08T18:58:14 GMT-04:00" skipped="0">
  <testcase classname="app.test.main.TestingFieldPromoCode" name="TS2_PromCode_TC3_NegativeDataInField" time="0.562"/>
  <system-out/>
  <testcase classname="app.test.main.TestingFieldPromoCode" name="TS2_PromCode_TC1_Emptyfield" time="0.512"/>
  <system-out/>
</testsuite> <!-- app.test.main.TestingFieldPromoCode -->
